<?xml version="1.0" encoding="UTF-8"?>
<testng-results skipped="0" failed="0" total="1" passed="1">
  <reporter-output>
  </reporter-output>
  <suite name="Default suite" duration-ms="15699" started-at="2018-10-04T16:41:23Z" finished-at="2018-10-04T16:41:39Z">
    <groups>
    </groups>
    <test name="Default test" duration-ms="15699" started-at="2018-10-04T16:41:23Z" finished-at="2018-10-04T16:41:39Z">
      <class name="com.vasu.testng.ValidtionTest">
        <test-method status="PASS" signature="validation()[pri:0, instance:com.vasu.testng.ValidtionTest@56f4468b]" name="validation" duration-ms="15667" started-at="2018-10-04T22:11:23Z" finished-at="2018-10-04T22:11:39Z">
          <reporter-output>
          </reporter-output>
        </test-method> <!-- validation -->
      </class> <!-- com.vasu.testng.ValidtionTest -->
    </test> <!-- Default test -->
  </suite> <!-- Default suite -->
</testng-results>
