<?xml version="1.0" encoding="UTF-8"?>
<!-- Generated by org.testng.reporters.JUnitXMLReporter -->
<testsuite hostname="vasu-PC" name="Chennapa" tests="8" failures="0" timestamp="4 Oct 2018 16:13:06 GMT" time="29.688" errors="0">
  <testcase name="adminLogin" time="14.064" classname="com.vasu.testng.AdminLoginTest"/>
  <testcase name="appLaunch" time="0.003" classname="com.vasu.testng.MultipleTestCases"/>
  <testcase name="appLogin" time="0.003" classname="com.vasu.testng.MultipleTestCases"/>
  <testcase name="appClose" time="0.001" classname="com.vasu.testng.MultipleTestCases"/>
  <testcase name="appLogin" time="4.488" classname="com.vasu.testng.BeforeAndAfterTest"/>
  <testcase name="firstMethod" time="0.003" classname="com.vasu.testng.FirsttestNgTest"/>
  <testcase name="method" time="0.001" classname="com.vasu.testng.Annotations"/>
  <testcase name="method1" time="0.001" classname="com.vasu.testng.Annotations"/>
</testsuite> <!-- Chennapa -->
